Feb-01 20:45:49.102 [main] DEBUG nextflow.cli.Launcher - $> nextflow run nf-metatropics/ -profile singularity --input /data/Daan/Projects/New_protocol_TNA/Without_TWIST_18012024/Input/TNA_withoutT.csv --input_dir /data/Daan/Projects/New_protocol_TNA/Without_TWIST_18012024/Input/fast5 --outdir /data/Daan/Projects/New_protocol_TNA/Without_TWIST_18012024/Output --fasta /data/Daan/DB/Human_Genome/chm13v2.0.fa --basecall true --model dna_r9.4.1_450bps_hac.cfg --minLength 200 --usegpu true --dbmeta /data/Daan/DB/MetamapsDB_010224 --front 18 --tail 18 -resume
Feb-01 20:45:49.201 [main] INFO  nextflow.cli.CmdRun - N E X T F L O W  ~  version 23.10.0
Feb-01 20:45:49.239 [main] DEBUG nextflow.plugin.PluginsFacade - Setting up plugin manager > mode=prod; embedded=false; plugins-dir=/home/itg.be/djansen/.nextflow/plugins; core-plugins: nf-amazon@2.1.4,nf-azure@1.3.2,nf-cloudcache@0.3.0,nf-codecommit@0.1.5,nf-console@1.0.6,nf-ga4gh@1.1.0,nf-google@1.8.3,nf-tower@1.6.3,nf-wave@1.0.0
Feb-01 20:45:49.254 [main] INFO  o.pf4j.DefaultPluginStatusProvider - Enabled plugins: []
Feb-01 20:45:49.255 [main] INFO  o.pf4j.DefaultPluginStatusProvider - Disabled plugins: []
Feb-01 20:45:49.259 [main] INFO  org.pf4j.DefaultPluginManager - PF4J version 3.4.1 in 'deployment' mode
Feb-01 20:45:49.269 [main] INFO  org.pf4j.AbstractPluginManager - No plugins
Feb-01 20:45:49.284 [main] DEBUG nextflow.scm.ProviderConfig - Using SCM config path: /home/itg.be/djansen/.nextflow/scm
Feb-01 20:45:49.292 [main] DEBUG nextflow.scm.AssetManager - Listing projects in folder: /home/itg.be/djansen/.nextflow/assets
Feb-01 20:45:49.317 [main] DEBUG nextflow.scm.RepositoryFactory - Found Git repository result: [RepositoryFactory]
Feb-01 20:45:49.326 [main] INFO  nextflow.cli.CmdRun - Pulling nextflow-io/nf-metatropics ...
Feb-01 20:45:49.327 [main] DEBUG nextflow.scm.RepositoryProvider - Request [credentials -:-] -> https://api.github.com/repos/nextflow-io/nf-metatropics/contents/nextflow.config
Feb-01 20:45:49.766 [main] DEBUG nextflow.scm.RepositoryProvider - Response status: 404 -- {"message":"Not Found","documentation_url":"https://docs.github.com/rest/repos/contents#get-repository-content"}
Feb-01 20:45:49.770 [main] WARN  nextflow.scm.AssetManager - Cannot read project manifest -- Cause: Remote resource not found: https://api.github.com/repos/nextflow-io/nf-metatropics/contents/nextflow.config
nextflow.exception.AbortOperationException: Remote resource not found: https://api.github.com/repos/nextflow-io/nf-metatropics/contents/nextflow.config
	at nextflow.scm.RepositoryProvider.checkResponse(RepositoryProvider.groovy:240)
	at nextflow.scm.RepositoryProvider.invoke(RepositoryProvider.groovy:181)
	at nextflow.scm.RepositoryProvider.memoizedMethodPriv$invokeAndParseResponseString(RepositoryProvider.groovy:282)
	at java.base/jdk.internal.reflect.NativeMethodAccessorImpl.invoke0(Native Method)
	at java.base/jdk.internal.reflect.NativeMethodAccessorImpl.invoke(NativeMethodAccessorImpl.java:62)
	at java.base/jdk.internal.reflect.DelegatingMethodAccessorImpl.invoke(DelegatingMethodAccessorImpl.java:43)
	at java.base/java.lang.reflect.Method.invoke(Method.java:566)
	at org.codehaus.groovy.reflection.CachedMethod.invoke(CachedMethod.java:107)
	at groovy.lang.MetaMethod.doMethodInvoke(MetaMethod.java:323)
	at groovy.lang.MetaClassImpl.invokeMethod(MetaClassImpl.java:1254)
	at groovy.lang.MetaClassImpl.invokeMethod(MetaClassImpl.java:1030)
	at org.codehaus.groovy.runtime.InvokerHelper.invokePogoMethod(InvokerHelper.java:1036)
	at org.codehaus.groovy.runtime.InvokerHelper.invokeMethod(InvokerHelper.java:1019)
	at org.codehaus.groovy.runtime.InvokerHelper.invokeMethodSafe(InvokerHelper.java:97)
	at nextflow.scm.RepositoryProvider$_closure3.doCall(RepositoryProvider.groovy)
	at java.base/jdk.internal.reflect.NativeMethodAccessorImpl.invoke0(Native Method)
	at java.base/jdk.internal.reflect.NativeMethodAccessorImpl.invoke(NativeMethodAccessorImpl.java:62)
	at java.base/jdk.internal.reflect.DelegatingMethodAccessorImpl.invoke(DelegatingMethodAccessorImpl.java:43)
	at java.base/java.lang.reflect.Method.invoke(Method.java:566)
	at org.codehaus.groovy.reflection.CachedMethod.invoke(CachedMethod.java:107)
	at groovy.lang.MetaMethod.doMethodInvoke(MetaMethod.java:323)
	at org.codehaus.groovy.runtime.metaclass.ClosureMetaClass.invokeMethod(ClosureMetaClass.java:274)
	at groovy.lang.MetaClassImpl.invokeMethod(MetaClassImpl.java:1030)
	at groovy.lang.Closure.call(Closure.java:427)
	at org.codehaus.groovy.runtime.memoize.Memoize$MemoizeFunction.lambda$call$0(Memoize.java:137)
	at org.codehaus.groovy.runtime.memoize.ConcurrentCommonCache.getAndPut(ConcurrentCommonCache.java:137)
	at org.codehaus.groovy.runtime.memoize.ConcurrentCommonCache.getAndPut(ConcurrentCommonCache.java:113)
	at org.codehaus.groovy.runtime.memoize.Memoize$MemoizeFunction.call(Memoize.java:136)
	at groovy.lang.Closure.call(Closure.java:416)
	at nextflow.scm.RepositoryProvider.invokeAndParseResponse(RepositoryProvider.groovy)
	at nextflow.scm.GithubRepositoryProvider.readBytes(GithubRepositoryProvider.groovy:117)
	at nextflow.scm.RepositoryProvider.readText(RepositoryProvider.groovy:296)
	at nextflow.scm.AssetManager.getManifest0(AssetManager.groovy:441)
	at nextflow.scm.AssetManager.memoizedMethodPriv$getManifest(AssetManager.groovy:434)
	at java.base/jdk.internal.reflect.NativeMethodAccessorImpl.invoke0(Native Method)
	at java.base/jdk.internal.reflect.NativeMethodAccessorImpl.invoke(NativeMethodAccessorImpl.java:62)
	at java.base/jdk.internal.reflect.DelegatingMethodAccessorImpl.invoke(DelegatingMethodAccessorImpl.java:43)
	at java.base/java.lang.reflect.Method.invoke(Method.java:566)
	at org.codehaus.groovy.reflection.CachedMethod.invoke(CachedMethod.java:107)
	at groovy.lang.MetaMethod.doMethodInvoke(MetaMethod.java:323)
	at groovy.lang.MetaClassImpl.invokeMethod(MetaClassImpl.java:1254)
	at groovy.lang.MetaClassImpl.invokeMethod(MetaClassImpl.java:1030)
	at org.codehaus.groovy.runtime.InvokerHelper.invokePogoMethod(InvokerHelper.java:1036)
	at org.codehaus.groovy.runtime.InvokerHelper.invokeMethod(InvokerHelper.java:1019)
	at org.codehaus.groovy.runtime.InvokerHelper.invokeMethodSafe(InvokerHelper.java:97)
	at nextflow.scm.AssetManager$_closure2.doCall(AssetManager.groovy)
	at nextflow.scm.AssetManager$_closure2.doCall(AssetManager.groovy)
	at java.base/jdk.internal.reflect.NativeMethodAccessorImpl.invoke0(Native Method)
	at java.base/jdk.internal.reflect.NativeMethodAccessorImpl.invoke(NativeMethodAccessorImpl.java:62)
	at java.base/jdk.internal.reflect.DelegatingMethodAccessorImpl.invoke(DelegatingMethodAccessorImpl.java:43)
	at java.base/java.lang.reflect.Method.invoke(Method.java:566)
	at org.codehaus.groovy.reflection.CachedMethod.invoke(CachedMethod.java:107)
	at groovy.lang.MetaMethod.doMethodInvoke(MetaMethod.java:323)
	at org.codehaus.groovy.runtime.metaclass.ClosureMetaClass.invokeMethod(ClosureMetaClass.java:274)
	at groovy.lang.MetaClassImpl.invokeMethod(MetaClassImpl.java:1030)
	at groovy.lang.Closure.call(Closure.java:427)
	at org.codehaus.groovy.runtime.memoize.Memoize$MemoizeFunction.lambda$call$0(Memoize.java:137)
	at org.codehaus.groovy.runtime.memoize.ConcurrentCommonCache.getAndPut(ConcurrentCommonCache.java:137)
	at org.codehaus.groovy.runtime.memoize.ConcurrentCommonCache.getAndPut(ConcurrentCommonCache.java:113)
	at org.codehaus.groovy.runtime.memoize.Memoize$MemoizeFunction.call(Memoize.java:136)
	at groovy.lang.Closure.call(Closure.java:406)
	at nextflow.scm.AssetManager.getManifest(AssetManager.groovy)
	at nextflow.scm.AssetManager.getMainScriptName(AssetManager.groovy:417)
	at nextflow.scm.AssetManager.checkValidRemoteRepo(AssetManager.groovy:375)
	at nextflow.scm.AssetManager.download(AssetManager.groovy:584)
	at nextflow.cli.CmdRun.getScriptFile0(CmdRun.groovy:529)
	at nextflow.cli.CmdRun.getScriptFile(CmdRun.groovy:462)
	at nextflow.cli.CmdRun.run(CmdRun.groovy:317)
	at nextflow.cli.Launcher.run(Launcher.groovy:499)
	at nextflow.cli.Launcher.main(Launcher.groovy:670)
Feb-01 20:45:49.782 [main] DEBUG nextflow.scm.RepositoryProvider - Request [credentials -:-] -> https://api.github.com/repos/nextflow-io/nf-metatropics/contents/main.nf
Feb-01 20:45:49.918 [main] DEBUG nextflow.scm.RepositoryProvider - Response status: 404 -- {"message":"Not Found","documentation_url":"https://docs.github.com/rest/repos/contents#get-repository-content"}
Feb-01 20:45:49.918 [main] DEBUG nextflow.cli.Launcher - Operation aborted
nextflow.exception.AbortOperationException: Remote resource not found: https://api.github.com/repos/nextflow-io/nf-metatropics/contents/main.nf
	at nextflow.scm.RepositoryProvider.checkResponse(RepositoryProvider.groovy:240)
	at nextflow.scm.RepositoryProvider.invoke(RepositoryProvider.groovy:181)
	at nextflow.scm.RepositoryProvider.memoizedMethodPriv$invokeAndParseResponseString(RepositoryProvider.groovy:282)
	at java.base/jdk.internal.reflect.NativeMethodAccessorImpl.invoke0(Native Method)
	at java.base/jdk.internal.reflect.NativeMethodAccessorImpl.invoke(NativeMethodAccessorImpl.java:62)
	at java.base/jdk.internal.reflect.DelegatingMethodAccessorImpl.invoke(DelegatingMethodAccessorImpl.java:43)
	at java.base/java.lang.reflect.Method.invoke(Method.java:566)
	at org.codehaus.groovy.reflection.CachedMethod.invoke(CachedMethod.java:107)
	at groovy.lang.MetaMethod.doMethodInvoke(MetaMethod.java:323)
	at groovy.lang.MetaClassImpl.invokeMethod(MetaClassImpl.java:1254)
	at groovy.lang.MetaClassImpl.invokeMethod(MetaClassImpl.java:1030)
	at org.codehaus.groovy.runtime.InvokerHelper.invokePogoMethod(InvokerHelper.java:1036)
	at org.codehaus.groovy.runtime.InvokerHelper.invokeMethod(InvokerHelper.java:1019)
	at org.codehaus.groovy.runtime.InvokerHelper.invokeMethodSafe(InvokerHelper.java:97)
	at nextflow.scm.RepositoryProvider$_closure3.doCall(RepositoryProvider.groovy)
	at java.base/jdk.internal.reflect.NativeMethodAccessorImpl.invoke0(Native Method)
	at java.base/jdk.internal.reflect.NativeMethodAccessorImpl.invoke(NativeMethodAccessorImpl.java:62)
	at java.base/jdk.internal.reflect.DelegatingMethodAccessorImpl.invoke(DelegatingMethodAccessorImpl.java:43)
	at java.base/java.lang.reflect.Method.invoke(Method.java:566)
	at org.codehaus.groovy.reflection.CachedMethod.invoke(CachedMethod.java:107)
	at groovy.lang.MetaMethod.doMethodInvoke(MetaMethod.java:323)
	at org.codehaus.groovy.runtime.metaclass.ClosureMetaClass.invokeMethod(ClosureMetaClass.java:274)
	at groovy.lang.MetaClassImpl.invokeMethod(MetaClassImpl.java:1030)
	at groovy.lang.Closure.call(Closure.java:427)
	at org.codehaus.groovy.runtime.memoize.Memoize$MemoizeFunction.lambda$call$0(Memoize.java:137)
	at org.codehaus.groovy.runtime.memoize.ConcurrentCommonCache.getAndPut(ConcurrentCommonCache.java:137)
	at org.codehaus.groovy.runtime.memoize.ConcurrentCommonCache.getAndPut(ConcurrentCommonCache.java:113)
	at org.codehaus.groovy.runtime.memoize.Memoize$MemoizeFunction.call(Memoize.java:136)
	at groovy.lang.Closure.call(Closure.java:416)
	at nextflow.scm.RepositoryProvider.invokeAndParseResponse(RepositoryProvider.groovy)
	at nextflow.scm.GithubRepositoryProvider.readBytes(GithubRepositoryProvider.groovy:117)
	at nextflow.scm.RepositoryProvider.validateFor(RepositoryProvider.groovy:310)
	at nextflow.scm.AssetManager.checkValidRemoteRepo(AssetManager.groovy:376)
	at nextflow.scm.AssetManager.download(AssetManager.groovy:584)
	at nextflow.cli.CmdRun.getScriptFile0(CmdRun.groovy:529)
	at nextflow.cli.CmdRun.getScriptFile(CmdRun.groovy:462)
	at nextflow.cli.CmdRun.run(CmdRun.groovy:317)
	at nextflow.cli.Launcher.run(Launcher.groovy:499)
	at nextflow.cli.Launcher.main(Launcher.groovy:670)
